#
# There is insufficient memory for the Java Runtime Environment to continue.
# Native memory allocation (malloc) failed to allocate 1048576 bytes. Error detail: AllocateHeap
# Possible reasons:
#   The system is out of physical RAM or swap space
#   This process is running with CompressedOops enabled, and the Java Heap may be blocking the growth of the native heap
# Possible solutions:
#   Reduce memory load on the system
#   Increase physical memory or swap space
#   Check if swap backing store is full
#   Decrease Java heap size (-Xmx/-Xms)
#   Decrease number of Java threads
#   Decrease Java thread stack sizes (-Xss)
#   Set larger code cache with -XX:ReservedCodeCacheSize=
#   JVM is running with Unscaled Compressed Oops mode in which the Java heap is
#     placed in the first 4GB address space. The Java Heap base address is the
#     maximum limit for the native heap growth. Please use -XX:HeapBaseMinAddress
#     to set the Java Heap base and to place the Java Heap above 4GB virtual address.
# This output file may be truncated or incomplete.
#
#  Out of Memory Error (allocation.cpp:44), pid=7680, tid=10556
#
# JRE version: OpenJDK Runtime Environment Temurin-21.0.8+9 (21.0.8+9) (build 21.0.8+9-LTS)
# Java VM: OpenJDK 64-Bit Server VM Temurin-21.0.8+9 (21.0.8+9-LTS, mixed mode, sharing, tiered, compressed oops, compressed class ptrs, parallel gc, windows-amd64)
# No core dump will be written. Minidumps are not enabled by default on client versions of Windows
#

---------------  S U M M A R Y ------------

Command Line: --add-modules=ALL-SYSTEM --add-opens=java.base/java.util=ALL-UNNAMED --add-opens=java.base/java.lang=ALL-UNNAMED --add-opens=java.base/sun.nio.fs=ALL-UNNAMED -Declipse.application=org.eclipse.jdt.ls.core.id1 -Dosgi.bundles.defaultStartLevel=4 -Declipse.product=org.eclipse.jdt.ls.core.product -Djava.import.generatesMetadataFilesAtProjectRoot=false -DDetectVMInstallationsJob.disabled=true -Dfile.encoding=utf8 -XX:+UseParallelGC -XX:GCTimeRatio=4 -XX:AdaptiveSizePolicyWeight=90 -Dsun.zip.disableMemoryMapping=true -Xmx2G -Xms100m -Xlog:disable -javaagent:c:\Users\Admin\.vscode\extensions\redhat.java-1.46.0-win32-x64\lombok\lombok-1.18.39-4050.jar -XX:+HeapDumpOnOutOfMemoryError -XX:HeapDumpPath=c:\Users\Admin\AppData\Roaming\Code\User\workspaceStorage\364cd3832da6129dabe543bedf9ccc2c\redhat.java -Daether.dependencyCollector.impl=bf c:\Users\Admin\.vscode\extensions\redhat.java-1.46.0-win32-x64\server\plugins\org.eclipse.equinox.launcher_1.7.0.v20250519-0528.jar -configuration c:\Users\Admin\AppData\Roaming\Code\User\globalStorage\redhat.java\1.46.0\config_win -data c:\Users\Admin\AppData\Roaming\Code\User\workspaceStorage\364cd3832da6129dabe543bedf9ccc2c\redhat.java\jdt_ws --pipe=\\.\pipe\lsp-a31b7ba664126817ccf6d8eaf2a749ec-sock

Host: 11th Gen Intel(R) Core(TM) i5-11320H @ 3.20GHz, 8 cores, 7G,  Windows 10 , 64 bit Build 19041 (10.0.19041.5915)
Time: Mon Oct 27 16:49:54 2025 SE Asia Standard Time elapsed time: 3118.415816 seconds (0d 0h 51m 58s)

---------------  T H R E A D  ---------------

Current thread (0x0000018373f0f330):  JavaThread "Attach Listener" daemon [_thread_in_vm, id=10556, stack(0x0000001536300000,0x0000001536400000) (1024K)]

Stack: [0x0000001536300000,0x0000001536400000]
Native frames: (J=compiled Java code, j=interpreted, Vv=VM code, C=native code)
V  [jvm.dll+0x6d2449]
V  [jvm.dll+0x8ae341]
V  [jvm.dll+0x8b08be]
V  [jvm.dll+0x8b0fa3]
V  [jvm.dll+0x280c96]
V  [jvm.dll+0xc0347]
V  [jvm.dll+0x6d2cf9]
V  [jvm.dll+0x131116]
V  [jvm.dll+0x3f2d16]
V  [jvm.dll+0x857e6b]
V  [jvm.dll+0x6d0b0d]
C  [ucrtbase.dll+0x21bb2]
C  [KERNEL32.DLL+0x17374]
C  [ntdll.dll+0x4cc91]


---------------  P R O C E S S  ---------------

Threads class SMR info:
_java_thread_list=0x000001834a6c8030, length=42, elements={
0x000001835d4ae9d0, 0x0000018373f0af50, 0x0000018373f0c1a0, 0x0000018373f0db90,
0x0000018373f0f330, 0x0000018373f151f0, 0x0000018373f17d40, 0x0000018373f18c60,
0x0000018373f19d30, 0x000001835d51e770, 0x0000018375ae2cb0, 0x000001837a5b6ca0,
0x000001837a8e4370, 0x0000018375973010, 0x000001837585a010, 0x000001837a6d37d0,
0x000001837a6aa8c0, 0x000001837a478ba0, 0x000001837a477160, 0x000001837a475db0,
0x000001837a476440, 0x000001837a476ad0, 0x000001837a7927d0, 0x000001837a792e60,
0x000001837a792140, 0x000001837a791420, 0x000001837a790d90, 0x000001837a791ab0,
0x000001837a7962e0, 0x000001837a796970, 0x000001837a7934f0, 0x000001837a7955c0,
0x000001837a797690, 0x000001837a797000, 0x000001837a794210, 0x000001837db0a4a0,
0x000001837db0ecd0, 0x000001837db0dfb0, 0x000001837db11430, 0x000001837db10da0,
0x000001837db0ab30, 0x000001837db0b1c0
}

Java Threads: ( => current thread )
  0x000001835d4ae9d0 JavaThread "main"                              [_thread_blocked, id=10248, stack(0x0000001535c00000,0x0000001535d00000) (1024K)]
  0x0000018373f0af50 JavaThread "Reference Handler"          daemon [_thread_blocked, id=9044, stack(0x0000001536000000,0x0000001536100000) (1024K)]
  0x0000018373f0c1a0 JavaThread "Finalizer"                  daemon [_thread_blocked, id=8664, stack(0x0000001536100000,0x0000001536200000) (1024K)]
  0x0000018373f0db90 JavaThread "Signal Dispatcher"          daemon [_thread_blocked, id=24844, stack(0x0000001536200000,0x0000001536300000) (1024K)]
=>0x0000018373f0f330 JavaThread "Attach Listener"            daemon [_thread_in_vm, id=10556, stack(0x0000001536300000,0x0000001536400000) (1024K)]
  0x0000018373f151f0 JavaThread "Service Thread"             daemon [_thread_blocked, id=15884, stack(0x0000001536400000,0x0000001536500000) (1024K)]
  0x0000018373f17d40 JavaThread "Monitor Deflation Thread"   daemon [_thread_blocked, id=1320, stack(0x0000001536500000,0x0000001536600000) (1024K)]
  0x0000018373f18c60 JavaThread "C2 CompilerThread0"         daemon [_thread_blocked, id=16792, stack(0x0000001536600000,0x0000001536700000) (1024K)]
  0x0000018373f19d30 JavaThread "C1 CompilerThread0"         daemon [_thread_blocked, id=23784, stack(0x0000001536700000,0x0000001536800000) (1024K)]
  0x000001835d51e770 JavaThread "Common-Cleaner"             daemon [_thread_blocked, id=9720, stack(0x0000001536800000,0x0000001536900000) (1024K)]
  0x0000018375ae2cb0 JavaThread "Notification Thread"        daemon [_thread_blocked, id=17468, stack(0x0000001536a00000,0x0000001536b00000) (1024K)]
  0x000001837a5b6ca0 JavaThread "Active Thread: Equinox Container: e7bbd563-f427-4b91-a3be-d349e0eefb95"        [_thread_blocked, id=20948, stack(0x0000001537100000,0x0000001537200000) (1024K)]
  0x000001837a8e4370 JavaThread "Refresh Thread: Equinox Container: e7bbd563-f427-4b91-a3be-d349e0eefb95" daemon [_thread_blocked, id=1084, stack(0x0000001536900000,0x0000001536a00000) (1024K)]
  0x0000018375973010 JavaThread "Framework Event Dispatcher: Equinox Container: e7bbd563-f427-4b91-a3be-d349e0eefb95" daemon [_thread_blocked, id=6940, stack(0x0000001537300000,0x0000001537400000) (1024K)]
  0x000001837585a010 JavaThread "Start Level: Equinox Container: e7bbd563-f427-4b91-a3be-d349e0eefb95" daemon [_thread_blocked, id=1376, stack(0x0000001537400000,0x0000001537500000) (1024K)]
  0x000001837a6d37d0 JavaThread "Bundle File Closer"         daemon [_thread_blocked, id=19816, stack(0x0000001537500000,0x0000001537600000) (1024K)]
  0x000001837a6aa8c0 JavaThread "SCR Component Actor"        daemon [_thread_blocked, id=10380, stack(0x0000001537600000,0x0000001537700000) (1024K)]
  0x000001837a478ba0 JavaThread "Worker-JM"                         [_thread_blocked, id=13552, stack(0x0000001537800000,0x0000001537900000) (1024K)]
  0x000001837a477160 JavaThread "JNA Cleaner"                daemon [_thread_blocked, id=5008, stack(0x0000001535900000,0x0000001535a00000) (1024K)]
  0x000001837a475db0 JavaThread "Worker-0"                          [_thread_blocked, id=17060, stack(0x0000001537700000,0x0000001537800000) (1024K)]
  0x000001837a476440 JavaThread "Java indexing"              daemon [_thread_blocked, id=18864, stack(0x0000001537b00000,0x0000001537c00000) (1024K)]
  0x000001837a476ad0 JavaThread "Worker-2"                          [_thread_blocked, id=18408, stack(0x0000001537c00000,0x0000001537d00000) (1024K)]
  0x000001837a7927d0 JavaThread "Thread-1"                   daemon [_thread_in_native, id=10560, stack(0x0000001538100000,0x0000001538200000) (1024K)]
  0x000001837a792e60 JavaThread "Thread-2"                   daemon [_thread_in_native, id=20304, stack(0x0000001538200000,0x0000001538300000) (1024K)]
  0x000001837a792140 JavaThread "Thread-3"                   daemon [_thread_in_native, id=7992, stack(0x0000001538300000,0x0000001538400000) (1024K)]
  0x000001837a791420 JavaThread "Thread-4"                   daemon [_thread_in_native, id=23424, stack(0x0000001538400000,0x0000001538500000) (1024K)]
  0x000001837a790d90 JavaThread "Thread-5"                   daemon [_thread_in_native, id=25432, stack(0x0000001538500000,0x0000001538600000) (1024K)]
  0x000001837a791ab0 JavaThread "Thread-6"                   daemon [_thread_in_native, id=6188, stack(0x0000001538600000,0x0000001538700000) (1024K)]
  0x000001837a7962e0 JavaThread "Thread-7"                   daemon [_thread_in_native, id=9492, stack(0x0000001538700000,0x0000001538800000) (1024K)]
  0x000001837a796970 JavaThread "Thread-8"                   daemon [_thread_in_native, id=11852, stack(0x0000001538800000,0x0000001538900000) (1024K)]
  0x000001837a7934f0 JavaThread "Thread-9"                   daemon [_thread_in_native, id=16232, stack(0x0000001538900000,0x0000001538a00000) (1024K)]
  0x000001837a7955c0 JavaThread "pool-2-thread-1"                   [_thread_blocked, id=16860, stack(0x0000001538a00000,0x0000001538b00000) (1024K)]
  0x000001837a797690 JavaThread "WorkspaceEventsHandler"            [_thread_blocked, id=21220, stack(0x0000001538d00000,0x0000001538e00000) (1024K)]
  0x000001837a797000 JavaThread "pool-1-thread-1"                   [_thread_blocked, id=14684, stack(0x0000001538e00000,0x0000001538f00000) (1024K)]
  0x000001837a794210 JavaThread "Timer-0"                           [_thread_blocked, id=20288, stack(0x0000001539000000,0x0000001539100000) (1024K)]
  0x000001837db0a4a0 JavaThread "Cleaner-0"                  daemon [_thread_blocked, id=21788, stack(0x0000001538f00000,0x0000001539000000) (1024K)]
  0x000001837db0ecd0 JavaThread "Worker-7"                          [_thread_blocked, id=14472, stack(0x0000001535a00000,0x0000001535b00000) (1024K)]
  0x000001837db0dfb0 JavaThread "ForkJoinPool.commonPool-worker-18" daemon [_thread_blocked, id=23044, stack(0x0000001535b00000,0x0000001535c00000) (1024K)]
  0x000001837db11430 JavaThread "Compiler Source File Reader" daemon [_thread_blocked, id=12728, stack(0x0000001537900000,0x0000001537a00000) (1024K)]
  0x000001837db10da0 JavaThread "Worker-8"                          [_thread_blocked, id=1600, stack(0x0000001537a00000,0x0000001537b00000) (1024K)]
  0x000001837db0ab30 JavaThread "Worker-9"                          [_thread_blocked, id=23584, stack(0x0000001537d00000,0x0000001537e00000) (1024K)]
  0x000001837db0b1c0 JavaThread "Compiler Processing Task"   daemon [_thread_blocked, id=13248, stack(0x0000001537e00000,0x0000001537f00000) (1024K)]
Total: 42

Other Threads:
  0x0000018373f01470 VMThread "VM Thread"                           [id=16092, stack(0x0000001535f00000,0x0000001536000000) (1024K)]
  0x000001835d51d780 WatcherThread "VM Periodic Task Thread"        [id=17232, stack(0x0000001535e00000,0x0000001535f00000) (1024K)]
  0x000001835d4cf0e0 WorkerThread "GC Thread#0"                     [id=17220, stack(0x0000001535d00000,0x0000001535e00000) (1024K)]
  0x000001837a7010b0 WorkerThread "GC Thread#1"                     [id=14960, stack(0x0000001536b00000,0x0000001536c00000) (1024K)]
  0x000001837a701450 WorkerThread "GC Thread#2"                     [id=1436, stack(0x0000001536c00000,0x0000001536d00000) (1024K)]
  0x000001837a16eb90 WorkerThread "GC Thread#3"                     [id=19768, stack(0x0000001536d00000,0x0000001536e00000) (1024K)]
  0x000001837a16ef30 WorkerThread "GC Thread#4"                     [id=15080, stack(0x0000001536e00000,0x0000001536f00000) (1024K)]
  0x000001837a16f2d0 WorkerThread "GC Thread#5"                     [id=1668, stack(0x0000001536f00000,0x0000001537000000) (1024K)]
  0x000001837a8e8160 WorkerThread "GC Thread#6"                     [id=18580, stack(0x0000001537000000,0x0000001537100000) (1024K)]
  0x000001837a8e49d0 WorkerThread "GC Thread#7"                     [id=9628, stack(0x0000001537200000,0x0000001537300000) (1024K)]
Total: 10

Threads with active compile tasks:
Total: 0

VM state: not at safepoint (normal execution)

VM Mutex/Monitor currently owned by a thread: None

Heap address: 0x0000000080000000, size: 2048 MB, Compressed Oops mode: 32-bit

CDS archive(s) mapped at: [0x0000018300000000-0x0000018300ba0000-0x0000018300ba0000), size 12189696, SharedBaseAddress: 0x0000018300000000, ArchiveRelocationMode: 1.
Compressed class space mapped at: 0x0000018301000000-0x0000018341000000, reserved size: 1073741824
Narrow klass base: 0x0000018300000000, Narrow klass shift: 0, Narrow klass range: 0x100000000

GC Precious Log:
 CardTable entry size: 512
 CPUs: 8 total, 8 available
 Memory: 7930M
 Large Page Support: Disabled
 NUMA Support: Disabled
 Compressed Oops: Enabled (32-bit)
 Alignments: Space 512K, Generation 512K, Heap 2M
 Heap Min Capacity: 100M
 Heap Initial Capacity: 100M
 Heap Max Capacity: 2G
 Pre-touch: Disabled
 Parallel Workers: 8

Heap:
 PSYoungGen      total 5632K, used 1773K [0x00000000d5580000, 0x00000000d5c00000, 0x0000000100000000)
  eden space 4608K, 25% used [0x00000000d5580000,0x00000000d56ab668,0x00000000d5a00000)
  from space 1024K, 56% used [0x00000000d5a00000,0x00000000d5a90020,0x00000000d5b00000)
  to   space 1024K, 0% used [0x00000000d5b00000,0x00000000d5b00000,0x00000000d5c00000)
 ParOldGen       total 1206272K, used 222824K [0x0000000080000000, 0x00000000c9a00000, 0x00000000d5580000)
  object space 1206272K, 18% used [0x0000000080000000,0x000000008d99a258,0x00000000c9a00000)
 Metaspace       used 88747K, committed 90944K, reserved 1179648K
  class space    used 9389K, committed 10304K, reserved 1048576K

Card table byte_map: [0x000001835ce90000,0x000001835d2a0000] _byte_map_base: 0x000001835ca90000

Marking Bits: (ParMarkBitMap*) 0x00007ff99ec4a340
 Begin Bits: [0x000001836f960000, 0x0000018371960000)
 End Bits:   [0x0000018371960000, 0x0000018373960000)

Polling page: 0x000001835cc80000

Metaspace:

Usage:
  Non-class:     77.50 MB used.
      Class:      9.17 MB used.
       Both:     86.67 MB used.

Virtual space:
  Non-class space:      128.00 MB reserved,      78.75 MB ( 62%) committed,  2 nodes.
      Class space:        1.00 GB reserved,      10.06 MB ( <1%) committed,  1 nodes.
             Both:        1.12 GB reserved,      88.81 MB (  8%) committed. 

Chunk freelists:
   Non-Class:  1.44 MB
       Class:  6.04 MB
        Both:  7.48 MB

MaxMetaspaceSize: unlimited
CompressedClassSpaceSize: 1.00 GB
Initial GC threshold: 21.00 MB
Current GC threshold: 147.81 MB
CDS: on
 - commit_granule_bytes: 65536.
 - commit_granule_words: 8192.
 - virtual_space_node_default_size: 8388608.
 - enlarge_chunks_in_place: 1.
 - use_allocation_guard: 0.


Internal statistics:

num_allocs_failed_limit: 13.
num_arena_births: 1732.
num_arena_deaths: 498.
num_vsnodes_births: 3.
num_vsnodes_deaths: 0.
num_space_committed: 1421.
num_space_uncommitted: 0.
num_chunks_returned_to_freelist: 587.
num_chunks_taken_from_freelist: 6082.
num_chunk_merges: 152.
num_chunk_splits: 3627.
num_chunks_enlarged: 1950.
num_inconsistent_stats: 0.

CodeHeap 'non-profiled nmethods': size=120000Kb used=18031Kb max_used=20984Kb free=101968Kb
 bounds [0x0000018368180000, 0x0000018369600000, 0x000001836f6b0000]
CodeHeap 'profiled nmethods': size=120000Kb used=42131Kb max_used=50732Kb free=77869Kb
 bounds [0x00000183606b0000, 0x0000018363840000, 0x0000018367be0000]
CodeHeap 'non-nmethods': size=5760Kb used=1527Kb max_used=1596Kb free=4232Kb
 bounds [0x0000018367be0000, 0x0000018367e50000, 0x0000018368180000]
CodeCache: size=245760Kb, used=61689Kb, max_used=73312Kb, free=184069Kb
 total_blobs=18310, nmethods=17469, adapters=744, full_count=0
Compilation: enabled, stopped_count=0, restarted_count=0

Compilation events (20 events):
Event: 3093.434 Thread 0x0000018373f18c60 22109       4       com.google.gson.stream.JsonWriter::push (47 bytes)
Event: 3093.435 Thread 0x0000018373f18c60 nmethod 22109 0x000001836834a410 code [0x000001836834a5a0, 0x000001836834a698]
Event: 3104.475 Thread 0x0000018373f19d30 22110       3       sun.nio.ch.WindowsAsynchronousFileChannelImpl$WriteTask::<init> (38 bytes)
Event: 3104.480 Thread 0x0000018373f19d30 nmethod 22110 0x0000018360800e90 code [0x0000018360801040, 0x0000018360801200]
Event: 3104.480 Thread 0x0000018373f18c60 22111       4       sun.nio.ch.AsynchronousFileChannelImpl::write (9 bytes)
Event: 3104.484 Thread 0x0000018373f19d30 22112       3       sun.nio.ch.WindowsAsynchronousFileChannelImpl$WriteTask::completed (42 bytes)
Event: 3104.492 Thread 0x0000018373f19d30 nmethod 22112 0x00000183607fe290 code [0x00000183607fe4e0, 0x00000183607fec58]
Event: 3104.499 Thread 0x0000018373f18c60 nmethod 22111 0x0000018368278e90 code [0x0000018368279020, 0x00000183682790d8]
Event: 3104.825 Thread 0x0000018373f18c60 22113       4       jdk.internal.misc.InnocuousThread::eraseThreadLocals (23 bytes)
Event: 3104.827 Thread 0x0000018373f18c60 nmethod 22113 0x000001836827fe90 code [0x0000018368280020, 0x00000183682800b0]
Event: 3104.896 Thread 0x0000018373f19d30 22114       3       sun.nio.ch.WindowsAsynchronousFileChannelImpl::implWrite (202 bytes)
Event: 3104.899 Thread 0x0000018373f19d30 nmethod 22114 0x0000018360750c90 code [0x0000018360750f60, 0x0000018360751b38]
Event: 3107.896 Thread 0x0000018373f19d30 22115   !   3       sun.nio.ch.WindowsAsynchronousFileChannelImpl$WriteTask::run (253 bytes)
Event: 3107.915 Thread 0x0000018373f19d30 nmethod 22115 0x00000183618b7290 code [0x00000183618b7760, 0x00000183618b9c60]
Event: 3112.252 Thread 0x0000018373f19d30 22116   !   3       org.eclipse.core.internal.events.NotificationManager::notify (144 bytes)
Event: 3112.280 Thread 0x0000018373f18c60 22118       4       org.eclipse.core.internal.events.ResourceDelta::getResource (103 bytes)
Event: 3112.326 Thread 0x0000018373f19d30 nmethod 22116 0x0000018360ecd310 code [0x0000018360ecd640, 0x0000018360ece820]
Event: 3112.371 Thread 0x0000018373f18c60 nmethod 22118 0x0000018368466e10 code [0x0000018368467020, 0x0000018368467808]
Event: 3112.458 Thread 0x0000018373f19d30 22119       3       org.eclipse.core.internal.preferences.EclipsePreferences::getBoolean (21 bytes)
Event: 3112.459 Thread 0x0000018373f19d30 nmethod 22119 0x00000183606bbb90 code [0x00000183606bbd60, 0x00000183606bbfc8]

GC Heap History (20 events):
Event: 3078.617 GC heap before
{Heap before GC invocations=1287 (full 5):
 PSYoungGen      total 5120K, used 5115K [0x00000000d5580000, 0x00000000d5c00000, 0x0000000100000000)
  eden space 4608K, 100% used [0x00000000d5580000,0x00000000d5a00000,0x00000000d5a00000)
  from space 512K, 99% used [0x00000000d5a80000,0x00000000d5afed80,0x00000000d5b00000)
  to   space 1024K, 0% used [0x00000000d5b00000,0x00000000d5b00000,0x00000000d5c00000)
 ParOldGen       total 1206272K, used 218313K [0x0000000080000000, 0x00000000c9a00000, 0x00000000d5580000)
  object space 1206272K, 18% used [0x0000000080000000,0x000000008d532598,0x00000000c9a00000)
 Metaspace       used 88720K, committed 90880K, reserved 1179648K
  class space    used 9389K, committed 10304K, reserved 1048576K
}
Event: 3078.619 GC heap after
{Heap after GC invocations=1287 (full 5):
 PSYoungGen      total 5632K, used 608K [0x00000000d5580000, 0x00000000d5c00000, 0x0000000100000000)
  eden space 4608K, 0% used [0x00000000d5580000,0x00000000d5580000,0x00000000d5a00000)
  from space 1024K, 59% used [0x00000000d5b00000,0x00000000d5b98000,0x00000000d5c00000)
  to   space 1024K, 0% used [0x00000000d5a00000,0x00000000d5a00000,0x00000000d5b00000)
 ParOldGen       total 1206272K, used 218867K [0x0000000080000000, 0x00000000c9a00000, 0x00000000d5580000)
  object space 1206272K, 18% used [0x0000000080000000,0x000000008d5bce68,0x00000000c9a00000)
 Metaspace       used 88720K, committed 90880K, reserved 1179648K
  class space    used 9389K, committed 10304K, reserved 1048576K
}
Event: 3078.624 GC heap before
{Heap before GC invocations=1288 (full 5):
 PSYoungGen      total 5632K, used 5216K [0x00000000d5580000, 0x00000000d5c00000, 0x0000000100000000)
  eden space 4608K, 100% used [0x00000000d5580000,0x00000000d5a00000,0x00000000d5a00000)
  from space 1024K, 59% used [0x00000000d5b00000,0x00000000d5b98000,0x00000000d5c00000)
  to   space 1024K, 0% used [0x00000000d5a00000,0x00000000d5a00000,0x00000000d5b00000)
 ParOldGen       total 1206272K, used 218867K [0x0000000080000000, 0x00000000c9a00000, 0x00000000d5580000)
  object space 1206272K, 18% used [0x0000000080000000,0x000000008d5bce68,0x00000000c9a00000)
 Metaspace       used 88720K, committed 90880K, reserved 1179648K
  class space    used 9389K, committed 10304K, reserved 1048576K
}
Event: 3078.625 GC heap after
{Heap after GC invocations=1288 (full 5):
 PSYoungGen      total 5632K, used 512K [0x00000000d5580000, 0x00000000d5c00000, 0x0000000100000000)
  eden space 4608K, 0% used [0x00000000d5580000,0x00000000d5580000,0x00000000d5a00000)
  from space 1024K, 50% used [0x00000000d5a00000,0x00000000d5a80000,0x00000000d5b00000)
  to   space 1024K, 0% used [0x00000000d5b00000,0x00000000d5b00000,0x00000000d5c00000)
 ParOldGen       total 1206272K, used 219351K [0x0000000080000000, 0x00000000c9a00000, 0x00000000d5580000)
  object space 1206272K, 18% used [0x0000000080000000,0x000000008d635e98,0x00000000c9a00000)
 Metaspace       used 88720K, committed 90880K, reserved 1179648K
  class space    used 9389K, committed 10304K, reserved 1048576K
}
Event: 3078.633 GC heap before
{Heap before GC invocations=1289 (full 5):
 PSYoungGen      total 5632K, used 5120K [0x00000000d5580000, 0x00000000d5c00000, 0x0000000100000000)
  eden space 4608K, 100% used [0x00000000d5580000,0x00000000d5a00000,0x00000000d5a00000)
  from space 1024K, 50% used [0x00000000d5a00000,0x00000000d5a80000,0x00000000d5b00000)
  to   space 1024K, 0% used [0x00000000d5b00000,0x00000000d5b00000,0x00000000d5c00000)
 ParOldGen       total 1206272K, used 219351K [0x0000000080000000, 0x00000000c9a00000, 0x00000000d5580000)
  object space 1206272K, 18% used [0x0000000080000000,0x000000008d635e98,0x00000000c9a00000)
 Metaspace       used 88720K, committed 90880K, reserved 1179648K
  class space    used 9389K, committed 10304K, reserved 1048576K
}
Event: 3078.634 GC heap after
{Heap after GC invocations=1289 (full 5):
 PSYoungGen      total 5632K, used 576K [0x00000000d5580000, 0x00000000d5c00000, 0x0000000100000000)
  eden space 4608K, 0% used [0x00000000d5580000,0x00000000d5580000,0x00000000d5a00000)
  from space 1024K, 56% used [0x00000000d5b00000,0x00000000d5b90000,0x00000000d5c00000)
  to   space 1024K, 0% used [0x00000000d5a00000,0x00000000d5a00000,0x00000000d5b00000)
 ParOldGen       total 1206272K, used 219719K [0x0000000080000000, 0x00000000c9a00000, 0x00000000d5580000)
  object space 1206272K, 18% used [0x0000000080000000,0x000000008d691eb8,0x00000000c9a00000)
 Metaspace       used 88720K, committed 90880K, reserved 1179648K
  class space    used 9389K, committed 10304K, reserved 1048576K
}
Event: 3078.640 GC heap before
{Heap before GC invocations=1290 (full 5):
 PSYoungGen      total 5632K, used 5184K [0x00000000d5580000, 0x00000000d5c00000, 0x0000000100000000)
  eden space 4608K, 100% used [0x00000000d5580000,0x00000000d5a00000,0x00000000d5a00000)
  from space 1024K, 56% used [0x00000000d5b00000,0x00000000d5b90000,0x00000000d5c00000)
  to   space 1024K, 0% used [0x00000000d5a00000,0x00000000d5a00000,0x00000000d5b00000)
 ParOldGen       total 1206272K, used 219719K [0x0000000080000000, 0x00000000c9a00000, 0x00000000d5580000)
  object space 1206272K, 18% used [0x0000000080000000,0x000000008d691eb8,0x00000000c9a00000)
 Metaspace       used 88720K, committed 90880K, reserved 1179648K
  class space    used 9389K, committed 10304K, reserved 1048576K
}
Event: 3078.641 GC heap after
{Heap after GC invocations=1290 (full 5):
 PSYoungGen      total 5632K, used 416K [0x00000000d5580000, 0x00000000d5b80000, 0x0000000100000000)
  eden space 4608K, 0% used [0x00000000d5580000,0x00000000d5580000,0x00000000d5a00000)
  from space 1024K, 40% used [0x00000000d5a00000,0x00000000d5a68000,0x00000000d5b00000)
  to   space 512K, 0% used [0x00000000d5b00000,0x00000000d5b00000,0x00000000d5b80000)
 ParOldGen       total 1206272K, used 220183K [0x0000000080000000, 0x00000000c9a00000, 0x00000000d5580000)
  object space 1206272K, 18% used [0x0000000080000000,0x000000008d705ed8,0x00000000c9a00000)
 Metaspace       used 88720K, committed 90880K, reserved 1179648K
  class space    used 9389K, committed 10304K, reserved 1048576K
}
Event: 3078.650 GC heap before
{Heap before GC invocations=1291 (full 5):
 PSYoungGen      total 5632K, used 5024K [0x00000000d5580000, 0x00000000d5b80000, 0x0000000100000000)
  eden space 4608K, 100% used [0x00000000d5580000,0x00000000d5a00000,0x00000000d5a00000)
  from space 1024K, 40% used [0x00000000d5a00000,0x00000000d5a68000,0x00000000d5b00000)
  to   space 512K, 0% used [0x00000000d5b00000,0x00000000d5b00000,0x00000000d5b80000)
 ParOldGen       total 1206272K, used 220183K [0x0000000080000000, 0x00000000c9a00000, 0x00000000d5580000)
  object space 1206272K, 18% used [0x0000000080000000,0x000000008d705ed8,0x00000000c9a00000)
 Metaspace       used 88720K, committed 90880K, reserved 1179648K
  class space    used 9389K, committed 10304K, reserved 1048576K
}
Event: 3078.651 GC heap after
{Heap after GC invocations=1291 (full 5):
 PSYoungGen      total 4608K, used 507K [0x00000000d5580000, 0x00000000d5d00000, 0x0000000100000000)
  eden space 4096K, 0% used [0x00000000d5580000,0x00000000d5580000,0x00000000d5980000)
  from space 512K, 99% used [0x00000000d5b00000,0x00000000d5b7ed60,0x00000000d5b80000)
  to   space 1536K, 0% used [0x00000000d5980000,0x00000000d5980000,0x00000000d5b00000)
 ParOldGen       total 1206272K, used 220695K [0x0000000080000000, 0x00000000c9a00000, 0x00000000d5580000)
  object space 1206272K, 18% used [0x0000000080000000,0x000000008d785f38,0x00000000c9a00000)
 Metaspace       used 88720K, committed 90880K, reserved 1179648K
  class space    used 9389K, committed 10304K, reserved 1048576K
}
Event: 3078.660 GC heap before
{Heap before GC invocations=1292 (full 5):
 PSYoungGen      total 4608K, used 4603K [0x00000000d5580000, 0x00000000d5d00000, 0x0000000100000000)
  eden space 4096K, 100% used [0x00000000d5580000,0x00000000d5980000,0x00000000d5980000)
  from space 512K, 99% used [0x00000000d5b00000,0x00000000d5b7ed60,0x00000000d5b80000)
  to   space 1536K, 0% used [0x00000000d5980000,0x00000000d5980000,0x00000000d5b00000)
 ParOldGen       total 1206272K, used 220695K [0x0000000080000000, 0x00000000c9a00000, 0x00000000d5580000)
  object space 1206272K, 18% used [0x0000000080000000,0x000000008d785f38,0x00000000c9a00000)
 Metaspace       used 88726K, committed 90944K, reserved 1179648K
  class space    used 9389K, committed 10304K, reserved 1048576K
}
Event: 3078.662 GC heap after
{Heap after GC invocations=1292 (full 5):
 PSYoungGen      total 5120K, used 608K [0x00000000d5580000, 0x00000000d5b80000, 0x0000000100000000)
  eden space 4096K, 0% used [0x00000000d5580000,0x00000000d5580000,0x00000000d5980000)
  from space 1024K, 59% used [0x00000000d5980000,0x00000000d5a18000,0x00000000d5a80000)
  to   space 1024K, 0% used [0x00000000d5a80000,0x00000000d5a80000,0x00000000d5b80000)
 ParOldGen       total 1206272K, used 221208K [0x0000000080000000, 0x00000000c9a00000, 0x00000000d5580000)
  object space 1206272K, 18% used [0x0000000080000000,0x000000008d806198,0x00000000c9a00000)
 Metaspace       used 88726K, committed 90944K, reserved 1179648K
  class space    used 9389K, committed 10304K, reserved 1048576K
}
Event: 3078.668 GC heap before
{Heap before GC invocations=1293 (full 5):
 PSYoungGen      total 5120K, used 4704K [0x00000000d5580000, 0x00000000d5b80000, 0x0000000100000000)
  eden space 4096K, 100% used [0x00000000d5580000,0x00000000d5980000,0x00000000d5980000)
  from space 1024K, 59% used [0x00000000d5980000,0x00000000d5a18000,0x00000000d5a80000)
  to   space 1024K, 0% used [0x00000000d5a80000,0x00000000d5a80000,0x00000000d5b80000)
 ParOldGen       total 1206272K, used 221208K [0x0000000080000000, 0x00000000c9a00000, 0x00000000d5580000)
  object space 1206272K, 18% used [0x0000000080000000,0x000000008d806198,0x00000000c9a00000)
 Metaspace       used 88726K, committed 90944K, reserved 1179648K
  class space    used 9389K, committed 10304K, reserved 1048576K
}
Event: 3078.671 GC heap after
{Heap after GC invocations=1293 (full 5):
 PSYoungGen      total 5632K, used 416K [0x00000000d5580000, 0x00000000d5b80000, 0x0000000100000000)
  eden space 4608K, 0% used [0x00000000d5580000,0x00000000d5580000,0x00000000d5a00000)
  from space 1024K, 40% used [0x00000000d5a80000,0x00000000d5ae8000,0x00000000d5b80000)
  to   space 512K, 0% used [0x00000000d5a00000,0x00000000d5a00000,0x00000000d5a80000)
 ParOldGen       total 1206272K, used 221672K [0x0000000080000000, 0x00000000c9a00000, 0x00000000d5580000)
  object space 1206272K, 18% used [0x0000000080000000,0x000000008d87a1d8,0x00000000c9a00000)
 Metaspace       used 88726K, committed 90944K, reserved 1179648K
  class space    used 9389K, committed 10304K, reserved 1048576K
}
Event: 3078.680 GC heap before
{Heap before GC invocations=1294 (full 5):
 PSYoungGen      total 5632K, used 5024K [0x00000000d5580000, 0x00000000d5b80000, 0x0000000100000000)
  eden space 4608K, 100% used [0x00000000d5580000,0x00000000d5a00000,0x00000000d5a00000)
  from space 1024K, 40% used [0x00000000d5a80000,0x00000000d5ae8000,0x00000000d5b80000)
  to   space 512K, 0% used [0x00000000d5a00000,0x00000000d5a00000,0x00000000d5a80000)
 ParOldGen       total 1206272K, used 221672K [0x0000000080000000, 0x00000000c9a00000, 0x00000000d5580000)
  object space 1206272K, 18% used [0x0000000080000000,0x000000008d87a1d8,0x00000000c9a00000)
 Metaspace       used 88726K, committed 90944K, reserved 1179648K
  class space    used 9389K, committed 10304K, reserved 1048576K
}
Event: 3078.682 GC heap after
{Heap after GC invocations=1294 (full 5):
 PSYoungGen      total 5120K, used 512K [0x00000000d5580000, 0x00000000d5c00000, 0x0000000100000000)
  eden space 4608K, 0% used [0x00000000d5580000,0x00000000d5580000,0x00000000d5a00000)
  from space 512K, 100% used [0x00000000d5a00000,0x00000000d5a80000,0x00000000d5a80000)
  to   space 1024K, 0% used [0x00000000d5b00000,0x00000000d5b00000,0x00000000d5c00000)
 ParOldGen       total 1206272K, used 222016K [0x0000000080000000, 0x00000000c9a00000, 0x00000000d5580000)
  object space 1206272K, 18% used [0x0000000080000000,0x000000008d8d01f8,0x00000000c9a00000)
 Metaspace       used 88726K, committed 90944K, reserved 1179648K
  class space    used 9389K, committed 10304K, reserved 1048576K
}
Event: 3078.688 GC heap before
{Heap before GC invocations=1295 (full 5):
 PSYoungGen      total 5120K, used 5120K [0x00000000d5580000, 0x00000000d5c00000, 0x0000000100000000)
  eden space 4608K, 100% used [0x00000000d5580000,0x00000000d5a00000,0x00000000d5a00000)
  from space 512K, 100% used [0x00000000d5a00000,0x00000000d5a80000,0x00000000d5a80000)
  to   space 1024K, 0% used [0x00000000d5b00000,0x00000000d5b00000,0x00000000d5c00000)
 ParOldGen       total 1206272K, used 222016K [0x0000000080000000, 0x00000000c9a00000, 0x00000000d5580000)
  object space 1206272K, 18% used [0x0000000080000000,0x000000008d8d01f8,0x00000000c9a00000)
 Metaspace       used 88726K, committed 90944K, reserved 1179648K
  class space    used 9389K, committed 10304K, reserved 1048576K
}
Event: 3078.690 GC heap after
{Heap after GC invocations=1295 (full 5):
 PSYoungGen      total 5632K, used 416K [0x00000000d5580000, 0x00000000d5d00000, 0x0000000100000000)
  eden space 4608K, 0% used [0x00000000d5580000,0x00000000d5580000,0x00000000d5a00000)
  from space 1024K, 40% used [0x00000000d5b00000,0x00000000d5b68000,0x00000000d5c00000)
  to   space 1024K, 0% used [0x00000000d5a00000,0x00000000d5a00000,0x00000000d5b00000)
 ParOldGen       total 1206272K, used 222520K [0x0000000080000000, 0x00000000c9a00000, 0x00000000d5580000)
  object space 1206272K, 18% used [0x0000000080000000,0x000000008d94e1f8,0x00000000c9a00000)
 Metaspace       used 88726K, committed 90944K, reserved 1179648K
  class space    used 9389K, committed 10304K, reserved 1048576K
}
Event: 3090.525 GC heap before
{Heap before GC invocations=1296 (full 5):
 PSYoungGen      total 5632K, used 5024K [0x00000000d5580000, 0x00000000d5d00000, 0x0000000100000000)
  eden space 4608K, 100% used [0x00000000d5580000,0x00000000d5a00000,0x00000000d5a00000)
  from space 1024K, 40% used [0x00000000d5b00000,0x00000000d5b68000,0x00000000d5c00000)
  to   space 1024K, 0% used [0x00000000d5a00000,0x00000000d5a00000,0x00000000d5b00000)
 ParOldGen       total 1206272K, used 222520K [0x0000000080000000, 0x00000000c9a00000, 0x00000000d5580000)
  object space 1206272K, 18% used [0x0000000080000000,0x000000008d94e1f8,0x00000000c9a00000)
 Metaspace       used 88739K, committed 90944K, reserved 1179648K
  class space    used 9389K, committed 10304K, reserved 1048576K
}
Event: 3090.535 GC heap after
{Heap after GC invocations=1296 (full 5):
 PSYoungGen      total 5632K, used 576K [0x00000000d5580000, 0x00000000d5c00000, 0x0000000100000000)
  eden space 4608K, 0% used [0x00000000d5580000,0x00000000d5580000,0x00000000d5a00000)
  from space 1024K, 56% used [0x00000000d5a00000,0x00000000d5a90020,0x00000000d5b00000)
  to   space 1024K, 0% used [0x00000000d5b00000,0x00000000d5b00000,0x00000000d5c00000)
 ParOldGen       total 1206272K, used 222824K [0x0000000080000000, 0x00000000c9a00000, 0x00000000d5580000)
  object space 1206272K, 18% used [0x0000000080000000,0x000000008d99a258,0x00000000c9a00000)
 Metaspace       used 88739K, committed 90944K, reserved 1179648K
  class space    used 9389K, committed 10304K, reserved 1048576K
}

Dll operation events (15 events):
Event: 0.011 Loaded shared library c:\Users\Admin\.vscode\extensions\redhat.java-1.46.0-win32-x64\jre\21.0.8-win32-x86_64\bin\java.dll
Event: 0.168 Loaded shared library c:\Users\Admin\.vscode\extensions\redhat.java-1.46.0-win32-x64\jre\21.0.8-win32-x86_64\bin\zip.dll
Event: 0.202 Loaded shared library C:\Users\Admin\.vscode\extensions\redhat.java-1.46.0-win32-x64\jre\21.0.8-win32-x86_64\bin\instrument.dll
Event: 0.216 Loaded shared library C:\Users\Admin\.vscode\extensions\redhat.java-1.46.0-win32-x64\jre\21.0.8-win32-x86_64\bin\net.dll
Event: 0.219 Loaded shared library C:\Users\Admin\.vscode\extensions\redhat.java-1.46.0-win32-x64\jre\21.0.8-win32-x86_64\bin\nio.dll
Event: 0.223 Loaded shared library C:\Users\Admin\.vscode\extensions\redhat.java-1.46.0-win32-x64\jre\21.0.8-win32-x86_64\bin\zip.dll
Event: 0.248 Loaded shared library C:\Users\Admin\.vscode\extensions\redhat.java-1.46.0-win32-x64\jre\21.0.8-win32-x86_64\bin\jimage.dll
Event: 0.370 Loaded shared library c:\Users\Admin\.vscode\extensions\redhat.java-1.46.0-win32-x64\jre\21.0.8-win32-x86_64\bin\verify.dll
Event: 15.399 Loaded shared library C:\Users\Admin\AppData\Roaming\Code\User\globalStorage\redhat.java\1.46.0\config_win\org.eclipse.equinox.launcher\org.eclipse.equinox.launcher.win32.win32.x86_64_1.2.1400.v20250801-0854\eclipse_11916.dll
Event: 30.748 Loaded shared library C:\Users\Admin\AppData\Local\Temp\jna-63116079\jna8774476195455786148.dll
Event: 34.206 Loaded shared library C:\Users\Admin\.vscode\extensions\redhat.java-1.46.0-win32-x64\jre\21.0.8-win32-x86_64\bin\sunmscapi.dll
Event: 35.021 Loaded shared library C:\Users\Admin\.vscode\extensions\redhat.java-1.46.0-win32-x64\jre\21.0.8-win32-x86_64\bin\extnet.dll
Event: 60.983 Loaded shared library C:\Users\Admin\.gradle\native\1def1411415f61bf3af743bc5b6707747c0891f09f0c88961ee8f79bc544acac\windows-amd64\native-platform.dll
Event: 73.137 Loaded shared library C:\Users\Admin\.vscode\extensions\redhat.java-1.46.0-win32-x64\jre\21.0.8-win32-x86_64\bin\management.dll
Event: 73.148 Loaded shared library C:\Users\Admin\.vscode\extensions\redhat.java-1.46.0-win32-x64\jre\21.0.8-win32-x86_64\bin\management_ext.dll

Deoptimization events (20 events):
Event: 3072.526 Thread 0x000001837a476440 DEOPT PACKING pc=0x000001836375664c sp=0x0000001537bfeda0
Event: 3072.527 Thread 0x000001837a476440 DEOPT UNPACKING pc=0x0000018367c378e2 sp=0x0000001537bfe350 mode 0
Event: 3072.664 Thread 0x000001837a476440 DEOPT PACKING pc=0x000001836375664c sp=0x0000001537bfeda0
Event: 3072.664 Thread 0x000001837a476440 DEOPT UNPACKING pc=0x0000018367c378e2 sp=0x0000001537bfe350 mode 0
Event: 3076.421 Thread 0x000001837a476ad0 Uncommon trap: trap_request=0xffffffd6 fr.pc=0x000001836958db7c relative=0x000000000000057c
Event: 3076.421 Thread 0x000001837a476ad0 Uncommon trap: reason=array_check action=maybe_recompile pc=0x000001836958db7c method=java.util.AbstractCollection.toArray([Ljava/lang/Object;)[Ljava/lang/Object; @ 116 c2
Event: 3076.421 Thread 0x000001837a476ad0 DEOPT PACKING pc=0x000001836958db7c sp=0x0000001537cfefd0
Event: 3076.422 Thread 0x000001837a476ad0 DEOPT UNPACKING pc=0x0000018367c36da2 sp=0x0000001537cfef70 mode 2
Event: 3076.434 Thread 0x000001837db0dfb0 Uncommon trap: trap_request=0xffffff45 fr.pc=0x00000183694d4e20 relative=0x0000000000001720
Event: 3076.434 Thread 0x000001837db0dfb0 Uncommon trap: reason=unstable_if action=reinterpret pc=0x00000183694d4e20 method=org.eclipse.jdt.core.dom.DefaultCommentMapper.storeLeadingComments(Lorg/eclipse/jdt/core/dom/ASTNode;I[I)I @ 447 c2
Event: 3076.434 Thread 0x000001837db0dfb0 DEOPT PACKING pc=0x00000183694d4e20 sp=0x0000001535bfdcd0
Event: 3076.434 Thread 0x000001837db0dfb0 DEOPT UNPACKING pc=0x0000018367c36da2 sp=0x0000001535bfdc20 mode 2
Event: 3076.840 Thread 0x000001837a475db0 Uncommon trap: trap_request=0xffffff76 fr.pc=0x00000183695eb404 relative=0x0000000000000164
Event: 3076.840 Thread 0x000001837a475db0 Uncommon trap: reason=predicate action=maybe_recompile pc=0x00000183695eb404 method=java.util.Arrays.fill([Ljava/lang/Object;IILjava/lang/Object;)V @ 13 c2
Event: 3076.840 Thread 0x000001837a475db0 DEOPT PACKING pc=0x00000183695eb404 sp=0x00000015377feab0
Event: 3076.840 Thread 0x000001837a475db0 DEOPT UNPACKING pc=0x0000018367c36da2 sp=0x00000015377fea60 mode 2
Event: 3112.025 Thread 0x000001837a797000 Uncommon trap: trap_request=0xffffff45 fr.pc=0x00000183692f6638 relative=0x0000000000000818
Event: 3112.028 Thread 0x000001837a797000 Uncommon trap: reason=unstable_if action=reinterpret pc=0x00000183692f6638 method=java.util.Formatter$FormatSpecifier.print(Ljava/util/Formatter;Ljava/lang/Object;Ljava/util/Locale;)V @ 4 c2
Event: 3112.028 Thread 0x000001837a797000 DEOPT PACKING pc=0x00000183692f6638 sp=0x0000001538efe710
Event: 3112.031 Thread 0x000001837a797000 DEOPT UNPACKING pc=0x0000018367c36da2 sp=0x0000001538efe6d0 mode 2

Classes loaded (20 events):
Event: 2050.831 Loading class jdk/internal/module/IllegalAccessLogger
Event: 2050.831 Loading class jdk/internal/module/IllegalAccessLogger done
Event: 2054.343 Loading class jdk/internal/ref/CleanerImpl$InnocuousThreadFactory
Event: 2054.344 Loading class jdk/internal/ref/CleanerImpl$InnocuousThreadFactory done
Event: 2061.681 Loading class jdk/internal/module/IllegalAccessLogger
Event: 2061.681 Loading class jdk/internal/module/IllegalAccessLogger done
Event: 2100.748 Loading class jdk/internal/module/IllegalAccessLogger
Event: 2100.748 Loading class jdk/internal/module/IllegalAccessLogger done
Event: 2116.664 Loading class jdk/internal/module/IllegalAccessLogger
Event: 2116.664 Loading class jdk/internal/module/IllegalAccessLogger done
Event: 2126.217 Loading class jdk/internal/module/IllegalAccessLogger
Event: 2126.217 Loading class jdk/internal/module/IllegalAccessLogger done
Event: 2134.247 Loading class jdk/internal/module/IllegalAccessLogger
Event: 2134.247 Loading class jdk/internal/module/IllegalAccessLogger done
Event: 2142.220 Loading class jdk/internal/module/IllegalAccessLogger
Event: 2142.220 Loading class jdk/internal/module/IllegalAccessLogger done
Event: 2166.377 Loading class jdk/internal/module/IllegalAccessLogger
Event: 2166.377 Loading class jdk/internal/module/IllegalAccessLogger done
Event: 3076.409 Loading class jdk/internal/module/IllegalAccessLogger
Event: 3076.410 Loading class jdk/internal/module/IllegalAccessLogger done

Classes unloaded (20 events):
Event: 3074.818 Thread 0x0000018373f01470 Unloading class 0x0000018301016400 'java/lang/invoke/LambdaForm$MH+0x0000018301016400'
Event: 3074.818 Thread 0x0000018373f01470 Unloading class 0x000001830100d800 'java/lang/invoke/LambdaForm$MH+0x000001830100d800'
Event: 3074.818 Thread 0x0000018373f01470 Unloading class 0x000001830100d400 'java/lang/invoke/LambdaForm$MH+0x000001830100d400'
Event: 3074.818 Thread 0x0000018373f01470 Unloading class 0x000001830100d000 'java/lang/invoke/LambdaForm$MH+0x000001830100d000'
Event: 3074.818 Thread 0x0000018373f01470 Unloading class 0x000001830100cc00 'java/lang/invoke/LambdaForm$MH+0x000001830100cc00'
Event: 3074.818 Thread 0x0000018373f01470 Unloading class 0x000001830100c800 'java/lang/invoke/LambdaForm$BMH+0x000001830100c800'
Event: 3074.818 Thread 0x0000018373f01470 Unloading class 0x000001830100c000 'java/lang/invoke/LambdaForm$DMH+0x000001830100c000'
Event: 3074.818 Thread 0x0000018373f01470 Unloading class 0x0000018301008c00 'java/lang/invoke/LambdaForm$MH+0x0000018301008c00'
Event: 3074.818 Thread 0x0000018373f01470 Unloading class 0x0000018301008800 'java/lang/invoke/LambdaForm$MH+0x0000018301008800'
Event: 3074.818 Thread 0x0000018373f01470 Unloading class 0x0000018301008400 'java/lang/invoke/LambdaForm$MH+0x0000018301008400'
Event: 3074.818 Thread 0x0000018373f01470 Unloading class 0x0000018301007000 'java/lang/invoke/LambdaForm$MH+0x0000018301007000'
Event: 3074.818 Thread 0x0000018373f01470 Unloading class 0x0000018301006800 'java/lang/invoke/LambdaForm$MH+0x0000018301006800'
Event: 3074.818 Thread 0x0000018373f01470 Unloading class 0x0000018301006400 'java/lang/invoke/LambdaForm$MH+0x0000018301006400'
Event: 3074.818 Thread 0x0000018373f01470 Unloading class 0x0000018301006000 'java/lang/invoke/LambdaForm$MH+0x0000018301006000'
Event: 3074.818 Thread 0x0000018373f01470 Unloading class 0x0000018301005c00 'java/lang/invoke/LambdaForm$BMH+0x0000018301005c00'
Event: 3074.818 Thread 0x0000018373f01470 Unloading class 0x0000018301004800 'java/lang/invoke/LambdaForm$DMH+0x0000018301004800'
Event: 3074.818 Thread 0x0000018373f01470 Unloading class 0x0000018301002800 'java/lang/invoke/LambdaForm$MH+0x0000018301002800'
Event: 3074.818 Thread 0x0000018373f01470 Unloading class 0x0000018301002400 'java/lang/invoke/LambdaForm$MH+0x0000018301002400'
Event: 3074.818 Thread 0x0000018373f01470 Unloading class 0x0000018301002000 'java/lang/invoke/LambdaForm$MH+0x0000018301002000'
Event: 3074.818 Thread 0x0000018373f01470 Unloading class 0x0000018301001800 'java/lang/invoke/LambdaForm$MH+0x0000018301001800'

Classes redefined (0 events):
No events

Internal exceptions (20 events):
Event: 2141.730 Thread 0x000001837db11430 Implicit null exception at 0x0000018368fc893f to 0x0000018368fcb94c
Event: 2142.061 Thread 0x000001837a476440 Exception <a 'sun/nio/fs/WindowsException'{0x00000000d55e5470}> (0x00000000d55e5470) 
thrown [s\src\hotspot\share\prims\jni.cpp, line 520]
Event: 2142.227 Thread 0x000001837a476440 Exception <a 'sun/nio/fs/WindowsException'{0x00000000d55845a0}> (0x00000000d55845a0) 
thrown [s\src\hotspot\share\prims\jni.cpp, line 520]
Event: 2143.618 Thread 0x000001837db11430 Exception <a 'java/lang/NoSuchMethodError'{0x00000000d57b5bb0}: 'java.lang.Object java.lang.invoke.DirectMethodHandle$Holder.invokeStatic(java.lang.Object, int, java.lang.Object)'> (0x00000000d57b5bb0) 
thrown [s\src\hotspot\share\interpreter\linkResolver.cpp, line 773]
Event: 2166.170 Thread 0x000001837a476440 Exception <a 'sun/nio/fs/WindowsException'{0x00000000d586b4c0}> (0x00000000d586b4c0) 
thrown [s\src\hotspot\share\prims\jni.cpp, line 520]
Event: 2166.282 Thread 0x000001837a476440 Exception <a 'sun/nio/fs/WindowsException'{0x00000000d56858c0}> (0x00000000d56858c0) 
thrown [s\src\hotspot\share\prims\jni.cpp, line 520]
Event: 2347.824 Thread 0x000001837a476ad0 Exception <a 'sun/nio/fs/WindowsException'{0x00000000d59d5450}> (0x00000000d59d5450) 
thrown [s\src\hotspot\share\prims\jni.cpp, line 520]
Event: 2347.826 Thread 0x000001837a476ad0 Exception <a 'sun/nio/fs/WindowsException'{0x00000000d59d5d18}> (0x00000000d59d5d18) 
thrown [s\src\hotspot\share\prims\jni.cpp, line 520]
Event: 2347.827 Thread 0x000001837a476ad0 Exception <a 'sun/nio/fs/WindowsException'{0x00000000d59d75c8}> (0x00000000d59d75c8) 
thrown [s\src\hotspot\share\prims\jni.cpp, line 520]
Event: 2347.827 Thread 0x000001837a476ad0 Exception <a 'sun/nio/fs/WindowsException'{0x00000000d59d7e90}> (0x00000000d59d7e90) 
thrown [s\src\hotspot\share\prims\jni.cpp, line 520]
Event: 2652.069 Thread 0x000001837a475db0 Exception <a 'sun/nio/fs/WindowsException'{0x00000000d5a0ea10}> (0x00000000d5a0ea10) 
thrown [s\src\hotspot\share\prims\jni.cpp, line 520]
Event: 2652.074 Thread 0x000001837a475db0 Exception <a 'sun/nio/fs/WindowsException'{0x00000000d5a0f2d8}> (0x00000000d5a0f2d8) 
thrown [s\src\hotspot\share\prims\jni.cpp, line 520]
Event: 2652.078 Thread 0x000001837a475db0 Exception <a 'sun/nio/fs/WindowsException'{0x00000000d5a10e08}> (0x00000000d5a10e08) 
thrown [s\src\hotspot\share\prims\jni.cpp, line 520]
Event: 2652.078 Thread 0x000001837a475db0 Exception <a 'sun/nio/fs/WindowsException'{0x00000000d5a11910}> (0x00000000d5a11910) 
thrown [s\src\hotspot\share\prims\jni.cpp, line 520]
Event: 2960.101 Thread 0x000001837a475db0 Exception <a 'sun/nio/fs/WindowsException'{0x00000000d571a870}> (0x00000000d571a870) 
thrown [s\src\hotspot\share\prims\jni.cpp, line 520]
Event: 2960.103 Thread 0x000001837a475db0 Exception <a 'sun/nio/fs/WindowsException'{0x00000000d571b138}> (0x00000000d571b138) 
thrown [s\src\hotspot\share\prims\jni.cpp, line 520]
Event: 2960.107 Thread 0x000001837a475db0 Exception <a 'sun/nio/fs/WindowsException'{0x00000000d571c9f0}> (0x00000000d571c9f0) 
thrown [s\src\hotspot\share\prims\jni.cpp, line 520]
Event: 2960.107 Thread 0x000001837a475db0 Exception <a 'sun/nio/fs/WindowsException'{0x00000000d571d520}> (0x00000000d571d520) 
thrown [s\src\hotspot\share\prims\jni.cpp, line 520]
Event: 3072.144 Thread 0x000001837a476440 Exception <a 'sun/nio/fs/WindowsException'{0x00000000d59b5bd8}> (0x00000000d59b5bd8) 
thrown [s\src\hotspot\share\prims\jni.cpp, line 520]
Event: 3072.867 Thread 0x000001837a476440 Exception <a 'sun/nio/fs/WindowsException'{0x00000000d558a7f8}> (0x00000000d558a7f8) 
thrown [s\src\hotspot\share\prims\jni.cpp, line 520]

ZGC Phase Switch (0 events):
No events

VM Operations (20 events):
Event: 3078.633 Executing VM operation: ParallelGCFailedAllocation (Allocation Failure)
Event: 3078.634 Executing VM operation: ParallelGCFailedAllocation (Allocation Failure) done
Event: 3078.640 Executing VM operation: ParallelGCFailedAllocation (Allocation Failure)
Event: 3078.641 Executing VM operation: ParallelGCFailedAllocation (Allocation Failure) done
Event: 3078.650 Executing VM operation: ParallelGCFailedAllocation (Allocation Failure)
Event: 3078.651 Executing VM operation: ParallelGCFailedAllocation (Allocation Failure) done
Event: 3078.660 Executing VM operation: ParallelGCFailedAllocation (Allocation Failure)
Event: 3078.662 Executing VM operation: ParallelGCFailedAllocation (Allocation Failure) done
Event: 3078.667 Executing VM operation: ParallelGCFailedAllocation (Allocation Failure)
Event: 3078.671 Executing VM operation: ParallelGCFailedAllocation (Allocation Failure) done
Event: 3078.680 Executing VM operation: ParallelGCFailedAllocation (Allocation Failure)
Event: 3078.682 Executing VM operation: ParallelGCFailedAllocation (Allocation Failure) done
Event: 3078.688 Executing VM operation: ParallelGCFailedAllocation (Allocation Failure)
Event: 3078.690 Executing VM operation: ParallelGCFailedAllocation (Allocation Failure) done
Event: 3079.697 Executing VM operation: Cleanup
Event: 3079.698 Executing VM operation: Cleanup done
Event: 3090.525 Executing VM operation: ParallelGCFailedAllocation (Allocation Failure)
Event: 3090.535 Executing VM operation: ParallelGCFailedAllocation (Allocation Failure) done
Event: 3112.584 Executing VM operation: Cleanup
Event: 3112.585 Executing VM operation: Cleanup done

Memory protections (0 events):
No events

Nmethod flushes (20 events):
Event: 3075.610 Thread 0x0000018373f01470 flushing  nmethod 0x00000183627d5590
Event: 3075.610 Thread 0x0000018373f01470 flushing  nmethod 0x0000018362883b10
Event: 3075.610 Thread 0x0000018373f01470 flushing  nmethod 0x0000018362886810
Event: 3075.610 Thread 0x0000018373f01470 flushing  nmethod 0x0000018362887210
Event: 3075.610 Thread 0x0000018373f01470 flushing  nmethod 0x00000183628a5e90
Event: 3075.610 Thread 0x0000018373f01470 flushing osr nmethod 0x00000183628c2a10
Event: 3075.610 Thread 0x0000018373f01470 flushing  nmethod 0x00000183628def90
Event: 3075.610 Thread 0x0000018373f01470 flushing  nmethod 0x00000183628eb690
Event: 3075.610 Thread 0x0000018373f01470 flushing osr nmethod 0x0000018362922f90
Event: 3075.610 Thread 0x0000018373f01470 flushing  nmethod 0x0000018362926b90
Event: 3075.610 Thread 0x0000018373f01470 flushing  nmethod 0x000001836292b410
Event: 3075.610 Thread 0x0000018373f01470 flushing  nmethod 0x0000018362934d90
Event: 3075.610 Thread 0x0000018373f01470 flushing  nmethod 0x000001836294bf10
Event: 3075.610 Thread 0x0000018373f01470 flushing  nmethod 0x000001836294e510
Event: 3075.610 Thread 0x0000018373f01470 flushing osr nmethod 0x0000018362965790
Event: 3075.610 Thread 0x0000018373f01470 flushing  nmethod 0x0000018362985e10
Event: 3075.610 Thread 0x0000018373f01470 flushing  nmethod 0x000001836298e510
Event: 3075.610 Thread 0x0000018373f01470 flushing osr nmethod 0x0000018362996f10
Event: 3075.610 Thread 0x0000018373f01470 flushing  nmethod 0x00000183629ba790
Event: 3075.610 Thread 0x0000018373f01470 flushing  nmethod 0x00000183629e4590

Events (20 events):
Event: 2652.029 Thread 0x000001837db0b1c0 Thread exited: 0x000001837db0b1c0
Event: 2652.083 Thread 0x000001837a475db0 Thread added: 0x000001837db0f9f0
Event: 2652.090 Thread 0x000001837db0f9f0 Thread added: 0x000001837db0ecd0
Event: 2652.093 Thread 0x000001837db0f9f0 Thread exited: 0x000001837db0f9f0
Event: 2652.093 Thread 0x000001837db0ecd0 Thread exited: 0x000001837db0ecd0
Event: 2680.078 Thread 0x00000183411b6e70 Thread exited: 0x00000183411b6e70
Event: 2740.100 Thread 0x000001837db0d290 Thread exited: 0x000001837db0d290
Event: 2800.106 Thread 0x000001837db11430 Thread exited: 0x000001837db11430
Event: 2960.063 Thread 0x000001837a475db0 Thread added: 0x000001837db0dfb0
Event: 2960.073 Thread 0x000001837db0dfb0 Thread exited: 0x000001837db0dfb0
Event: 2960.110 Thread 0x000001837a475db0 Thread added: 0x000001837db0ecd0
Event: 2960.112 Thread 0x000001837db0ecd0 Thread added: 0x000001837db0ab30
Event: 2960.114 Thread 0x000001837db0ecd0 Thread exited: 0x000001837db0ecd0
Event: 2960.114 Thread 0x000001837db0ab30 Thread exited: 0x000001837db0ab30
Event: 3072.156 Thread 0x000001837a475db0 Thread added: 0x000001837db0ecd0
Event: 3072.491 Thread 0x000001837a797000 Thread added: 0x000001837db0dfb0
Event: 3073.117 Thread 0x000001837a475db0 Thread added: 0x000001837db11430
Event: 3073.341 Thread 0x000001837a476ad0 Thread added: 0x000001837db10da0
Event: 3076.212 Thread 0x000001837db10da0 Thread added: 0x000001837db0ab30
Event: 3076.417 Thread 0x000001837a475db0 Thread added: 0x000001837db0b1c0


Dynamic libraries:
0x00007ff610080000 - 0x00007ff61008e000 	c:\Users\Admin\.vscode\extensions\redhat.java-1.46.0-win32-x64\jre\21.0.8-win32-x86_64\bin\java.exe
0x00007ffa08e10000 - 0x00007ffa09008000 	C:\Windows\SYSTEM32\ntdll.dll
0x00007ffa08600000 - 0x00007ffa086c2000 	C:\Windows\System32\KERNEL32.DLL
0x00007ffa06a40000 - 0x00007ffa06d36000 	C:\Windows\System32\KERNELBASE.dll
0x00007ffa06610000 - 0x00007ffa06710000 	C:\Windows\System32\ucrtbase.dll
0x00007ff9cf4f0000 - 0x00007ff9cf508000 	c:\Users\Admin\.vscode\extensions\redhat.java-1.46.0-win32-x64\jre\21.0.8-win32-x86_64\bin\jli.dll
0x00007ffa072a0000 - 0x00007ffa0743d000 	C:\Windows\System32\USER32.dll
0x00007ffa06d40000 - 0x00007ffa06d62000 	C:\Windows\System32\win32u.dll
0x00007ffa07d60000 - 0x00007ffa07d8b000 	C:\Windows\System32\GDI32.dll
0x00007ffa067d0000 - 0x00007ffa068e9000 	C:\Windows\System32\gdi32full.dll
0x00007ffa068f0000 - 0x00007ffa0698d000 	C:\Windows\System32\msvcp_win.dll
0x00007ff9cf2f0000 - 0x00007ff9cf30e000 	c:\Users\Admin\.vscode\extensions\redhat.java-1.46.0-win32-x64\jre\21.0.8-win32-x86_64\bin\VCRUNTIME140.dll
0x00007ff9ef100000 - 0x00007ff9ef39b000 	C:\Windows\WinSxS\amd64_microsoft.windows.common-controls_6595b64144ccf1df_6.0.19041.6280_none_60bc30a171f2f3f3\COMCTL32.dll
0x00007ffa08500000 - 0x00007ffa0859e000 	C:\Windows\System32\msvcrt.dll
0x00007ffa08cf0000 - 0x00007ffa08d1f000 	C:\Windows\System32\IMM32.DLL
0x00007ff9f6f00000 - 0x00007ff9f6f0c000 	c:\Users\Admin\.vscode\extensions\redhat.java-1.46.0-win32-x64\jre\21.0.8-win32-x86_64\bin\vcruntime140_1.dll
0x00007ff99fc00000 - 0x00007ff99fc8d000 	c:\Users\Admin\.vscode\extensions\redhat.java-1.46.0-win32-x64\jre\21.0.8-win32-x86_64\bin\msvcp140.dll
0x00007ff99df90000 - 0x00007ff99ed27000 	c:\Users\Admin\.vscode\extensions\redhat.java-1.46.0-win32-x64\jre\21.0.8-win32-x86_64\bin\server\jvm.dll
0x00007ffa07c20000 - 0x00007ffa07cd1000 	C:\Windows\System32\ADVAPI32.dll
0x00007ffa08d20000 - 0x00007ffa08dbf000 	C:\Windows\System32\sechost.dll
0x00007ffa06e40000 - 0x00007ffa06f60000 	C:\Windows\System32\RPCRT4.dll
0x00007ffa067a0000 - 0x00007ffa067c7000 	C:\Windows\System32\bcrypt.dll
0x00007ffa07f50000 - 0x00007ffa07fbb000 	C:\Windows\System32\WS2_32.dll
0x00007ffa05e40000 - 0x00007ffa05e8b000 	C:\Windows\SYSTEM32\POWRPROF.dll
0x00007ffa00970000 - 0x00007ffa00997000 	C:\Windows\SYSTEM32\WINMM.dll
0x00007ff9f8ac0000 - 0x00007ff9f8aca000 	C:\Windows\SYSTEM32\VERSION.dll
0x00007ffa05e10000 - 0x00007ffa05e22000 	C:\Windows\SYSTEM32\UMPDC.dll
0x00007ffa04c90000 - 0x00007ffa04ca2000 	C:\Windows\SYSTEM32\kernel.appcore.dll
0x00007ff9f6980000 - 0x00007ff9f698a000 	c:\Users\Admin\.vscode\extensions\redhat.java-1.46.0-win32-x64\jre\21.0.8-win32-x86_64\bin\jimage.dll
0x00007ffa049a0000 - 0x00007ffa04ba1000 	C:\Windows\SYSTEM32\DBGHELP.DLL
0x00007ffa00ba0000 - 0x00007ffa00bd4000 	C:\Windows\SYSTEM32\dbgcore.DLL
0x00007ffa06710000 - 0x00007ffa06792000 	C:\Windows\System32\bcryptPrimitives.dll
0x00007ff9f6930000 - 0x00007ff9f693f000 	c:\Users\Admin\.vscode\extensions\redhat.java-1.46.0-win32-x64\jre\21.0.8-win32-x86_64\bin\instrument.dll
0x00007ff9ce650000 - 0x00007ff9ce66f000 	c:\Users\Admin\.vscode\extensions\redhat.java-1.46.0-win32-x64\jre\21.0.8-win32-x86_64\bin\java.dll
0x00007ffa07440000 - 0x00007ffa07bb0000 	C:\Windows\System32\SHELL32.dll
0x00007ffa03ff0000 - 0x00007ffa04795000 	C:\Windows\SYSTEM32\windows.storage.dll
0x00007ffa07fc0000 - 0x00007ffa08313000 	C:\Windows\System32\combase.dll
0x00007ffa05d90000 - 0x00007ffa05dbb000 	C:\Windows\SYSTEM32\Wldp.dll
0x00007ffa08430000 - 0x00007ffa084fd000 	C:\Windows\System32\OLEAUT32.dll
0x00007ffa07100000 - 0x00007ffa071ad000 	C:\Windows\System32\SHCORE.dll
0x00007ffa083d0000 - 0x00007ffa0842b000 	C:\Windows\System32\shlwapi.dll
0x00007ffa063e0000 - 0x00007ffa06404000 	C:\Windows\SYSTEM32\profapi.dll
0x00007ff9cc9f0000 - 0x00007ff9cca08000 	c:\Users\Admin\.vscode\extensions\redhat.java-1.46.0-win32-x64\jre\21.0.8-win32-x86_64\bin\zip.dll
0x00007ff9eeea0000 - 0x00007ff9eeeb0000 	C:\Users\Admin\.vscode\extensions\redhat.java-1.46.0-win32-x64\jre\21.0.8-win32-x86_64\bin\net.dll
0x00007ff9fd490000 - 0x00007ff9fd59a000 	C:\Windows\SYSTEM32\WINHTTP.dll
0x00007ffa05b10000 - 0x00007ffa05b7a000 	C:\Windows\system32\mswsock.dll
0x00007ff9c2e70000 - 0x00007ff9c2e86000 	C:\Users\Admin\.vscode\extensions\redhat.java-1.46.0-win32-x64\jre\21.0.8-win32-x86_64\bin\nio.dll
0x00007ff9eee60000 - 0x00007ff9eee70000 	c:\Users\Admin\.vscode\extensions\redhat.java-1.46.0-win32-x64\jre\21.0.8-win32-x86_64\bin\verify.dll
0x00007ff9bff10000 - 0x00007ff9bff54000 	C:\Users\Admin\AppData\Roaming\Code\User\globalStorage\redhat.java\1.46.0\config_win\org.eclipse.equinox.launcher\org.eclipse.equinox.launcher.win32.win32.x86_64_1.2.1400.v20250801-0854\eclipse_11916.dll
0x00007ffa07e20000 - 0x00007ffa07f4b000 	C:\Windows\System32\ole32.dll
0x00007ffa05dd0000 - 0x00007ffa05de8000 	C:\Windows\SYSTEM32\CRYPTSP.dll
0x00007ffa05450000 - 0x00007ffa05488000 	C:\Windows\system32\rsaenh.dll
0x00007ffa063a0000 - 0x00007ffa063ce000 	C:\Windows\SYSTEM32\USERENV.dll
0x00007ffa05d00000 - 0x00007ffa05d0c000 	C:\Windows\SYSTEM32\CRYPTBASE.dll
0x00007ffa05810000 - 0x00007ffa0584b000 	C:\Windows\SYSTEM32\IPHLPAPI.DLL
0x00007ffa07290000 - 0x00007ffa07298000 	C:\Windows\System32\NSI.dll
0x00007ff9e4410000 - 0x00007ff9e4459000 	C:\Users\Admin\AppData\Local\Temp\jna-63116079\jna8774476195455786148.dll
0x00007ffa07bb0000 - 0x00007ffa07bb8000 	C:\Windows\System32\PSAPI.DLL
0x00007ff9f8cf0000 - 0x00007ff9f8d07000 	C:\Windows\SYSTEM32\dhcpcsvc6.DLL
0x00007ff9f8cd0000 - 0x00007ff9f8ced000 	C:\Windows\SYSTEM32\dhcpcsvc.DLL
0x00007ff9f8a10000 - 0x00007ff9f8a1e000 	C:\Users\Admin\.vscode\extensions\redhat.java-1.46.0-win32-x64\jre\21.0.8-win32-x86_64\bin\sunmscapi.dll
0x00007ffa064b0000 - 0x00007ffa0660d000 	C:\Windows\System32\CRYPT32.dll
0x00007ffa05f50000 - 0x00007ffa05f77000 	C:\Windows\SYSTEM32\ncrypt.dll
0x00007ffa05f10000 - 0x00007ffa05f4b000 	C:\Windows\SYSTEM32\NTASN1.dll
0x00007ffa05850000 - 0x00007ffa0591a000 	C:\Windows\SYSTEM32\DNSAPI.dll
0x0000000063f90000 - 0x0000000063fb6000 	C:\Program Files\Bonjour\mdnsNSP.dll
0x00007ff9f43e0000 - 0x00007ff9f43ea000 	C:\Windows\System32\rasadhlp.dll
0x00007ff9f78e0000 - 0x00007ff9f7960000 	C:\Windows\System32\fwpuclnt.dll
0x00007ff9ed2c0000 - 0x00007ff9ed2c9000 	C:\Users\Admin\.vscode\extensions\redhat.java-1.46.0-win32-x64\jre\21.0.8-win32-x86_64\bin\extnet.dll
0x00007ff9fb590000 - 0x00007ff9fb5b7000 	C:\Users\Admin\.gradle\native\1def1411415f61bf3af743bc5b6707747c0891f09f0c88961ee8f79bc544acac\windows-amd64\native-platform.dll
0x00007ff9f6990000 - 0x00007ff9f699a000 	C:\Users\Admin\.vscode\extensions\redhat.java-1.46.0-win32-x64\jre\21.0.8-win32-x86_64\bin\management.dll
0x00007ff9f6390000 - 0x00007ff9f639b000 	C:\Users\Admin\.vscode\extensions\redhat.java-1.46.0-win32-x64\jre\21.0.8-win32-x86_64\bin\management_ext.dll

JVMTI agents:
c:\Users\Admin\.vscode\extensions\redhat.java-1.46.0-win32-x64\lombok\lombok-1.18.39-4050.jar path:c:\Users\Admin\.vscode\extensions\redhat.java-1.46.0-win32-x64\jre\21.0.8-win32-x86_64\bin\instrument.dll, loaded, initialized, instrumentlib options:none

dbghelp: loaded successfully - version: 4.0.5 - missing functions: none
symbol engine: initialized successfully - sym options: 0x614 - pdb path: .;c:\Users\Admin\.vscode\extensions\redhat.java-1.46.0-win32-x64\jre\21.0.8-win32-x86_64\bin;C:\Windows\SYSTEM32;C:\Windows\WinSxS\amd64_microsoft.windows.common-controls_6595b64144ccf1df_6.0.19041.6280_none_60bc30a171f2f3f3;c:\Users\Admin\.vscode\extensions\redhat.java-1.46.0-win32-x64\jre\21.0.8-win32-x86_64\bin\server;C:\Users\Admin\AppData\Roaming\Code\User\globalStorage\redhat.java\1.46.0\config_win\org.eclipse.equinox.launcher\org.eclipse.equinox.launcher.win32.win32.x86_64_1.2.1400.v20250801-0854;C:\Users\Admin\AppData\Local\Temp\jna-63116079;C:\Program Files\Bonjour;C:\Users\Admin\.gradle\native\1def1411415f61bf3af743bc5b6707747c0891f09f0c88961ee8f79bc544acac\windows-amd64

VM Arguments:
jvm_args: --add-modules=ALL-SYSTEM --add-opens=java.base/java.util=ALL-UNNAMED --add-opens=java.base/java.lang=ALL-UNNAMED --add-opens=java.base/sun.nio.fs=ALL-UNNAMED -Declipse.application=org.eclipse.jdt.ls.core.id1 -Dosgi.bundles.defaultStartLevel=4 -Declipse.product=org.eclipse.jdt.ls.core.product -Djava.import.generatesMetadataFilesAtProjectRoot=false -DDetectVMInstallationsJob.disabled=true -Dfile.encoding=utf8 -XX:+UseParallelGC -XX:GCTimeRatio=4 -XX:AdaptiveSizePolicyWeight=90 -Dsun.zip.disableMemoryMapping=true -Xmx2G -Xms100m -Xlog:disable -javaagent:c:\Users\Admin\.vscode\extensions\redhat.java-1.46.0-win32-x64\lombok\lombok-1.18.39-4050.jar -XX:+HeapDumpOnOutOfMemoryError -XX:HeapDumpPath=c:\Users\Admin\AppData\Roaming\Code\User\workspaceStorage\364cd3832da6129dabe543bedf9ccc2c\redhat.java -Daether.dependencyCollector.impl=bf 
java_command: c:\Users\Admin\.vscode\extensions\redhat.java-1.46.0-win32-x64\server\plugins\org.eclipse.equinox.launcher_1.7.0.v20250519-0528.jar -configuration c:\Users\Admin\AppData\Roaming\Code\User\globalStorage\redhat.java\1.46.0\config_win -data c:\Users\Admin\AppData\Roaming\Code\User\workspaceStorage\364cd3832da6129dabe543bedf9ccc2c\redhat.java\jdt_ws --pipe=\\.\pipe\lsp-a31b7ba664126817ccf6d8eaf2a749ec-sock
java_class_path (initial): c:\Users\Admin\.vscode\extensions\redhat.java-1.46.0-win32-x64\server\plugins\org.eclipse.equinox.launcher_1.7.0.v20250519-0528.jar
Launcher Type: SUN_STANDARD

[Global flags]
    uintx AdaptiveSizePolicyWeight                 = 90                                        {product} {command line}
     intx CICompilerCount                          = 4                                         {product} {ergonomic}
    uintx GCTimeRatio                              = 4                                         {product} {command line}
     bool HeapDumpOnOutOfMemoryError               = true                                   {manageable} {command line}
    ccstr HeapDumpPath                             = c:\Users\Admin\AppData\Roaming\Code\User\workspaceStorage\364cd3832da6129dabe543bedf9ccc2c\redhat.java         {manageable} {command line}
   size_t InitialHeapSize                          = 104857600                                 {product} {command line}
   size_t MaxHeapSize                              = 2147483648                                {product} {command line}
   size_t MaxNewSize                               = 715653120                                 {product} {ergonomic}
   size_t MinHeapDeltaBytes                        = 524288                                    {product} {ergonomic}
   size_t MinHeapSize                              = 104857600                                 {product} {command line}
   size_t NewSize                                  = 34603008                                  {product} {ergonomic}
    uintx NonNMethodCodeHeapSize                   = 5839372                                {pd product} {ergonomic}
    uintx NonProfiledCodeHeapSize                  = 122909434                              {pd product} {ergonomic}
   size_t OldSize                                  = 70254592                                  {product} {ergonomic}
    uintx ProfiledCodeHeapSize                     = 122909434                              {pd product} {ergonomic}
    uintx ReservedCodeCacheSize                    = 251658240                              {pd product} {ergonomic}
     bool SegmentedCodeCache                       = true                                      {product} {ergonomic}
   size_t SoftMaxHeapSize                          = 2147483648                             {manageable} {ergonomic}
     bool UseCompressedOops                        = true                           {product lp64_product} {ergonomic}
     bool UseLargePagesIndividualAllocation        = false                                  {pd product} {ergonomic}
     bool UseParallelGC                            = true                                      {product} {command line}

Logging:
Log output configuration:
 #0: stdout all=off uptime,level,tags foldmultilines=false
 #1: stderr all=off uptime,level,tags foldmultilines=false

Environment Variables:
JAVA_HOME=D:\Program Files\Java\jdk-21
PATH=C:\Program Files\Common Files\Oracle\Java\javapath;C:\Python314\Scripts\;C:\Python314\;C:\Windows\system32;C:\Windows;C:\Windows\System32\Wbem;C:\Windows\System32\WindowsPowerShell\v1.0\;C:\Windows\System32\OpenSSH\;C:\Program Files\Git\cmd;D:\Tools\apache-maven-3.6.3\bin;D:\DEV\protoc-gen-grpc-java-1.9.1-windows-x86_64.exe;D:\MySQL\MySQL Server 8.0\bin;C:\Users\Admin\AppData\Local\Programs\Python\Python39\;C:\Users\Admin\AppData\Local\Programs\Python\Python39\Scripts\;C:\Program Files\Docker\Docker\resources\bin;C:\Users\Admin\AppData\Local\Android\Sdk\platform-tools;C:\Users\Admin\AppData\Local\Android\Sdk\tools;C:\Users\Admin\AppData\Local\Android\Sdk\emulator;C:\Program Files\Tesseract-OCR;C:\ProgramData\chocolatey\bin;D:\Program Files\nodejs;C:\Program Files (x86)\PuTTY\;D:\Amazon Corretto\jdk1.8.0_462\bin;D:\Program Files (x86)\nodejs\;C:\Users\Admin\AppData\Local\Microsoft\WindowsApps;D:\JetBrains\IntelliJ IDEA 2024.2.4\bin;;D:\Program Files\Microsoft VS Code\bin;D:\DEV\protoc-29.3-win64\bin;D:\MySQL\MySQL Server 8.0\bin;D:\PyCharm 2025.1\bin;;D:\JetBrains\DataGrip 2025.2.4\bin;D:\Microsoft VS Code\bin;C:\Users\Admin\AppData\Roaming\npm
USERNAME=Admin
OS=Windows_NT
PROCESSOR_IDENTIFIER=Intel64 Family 6 Model 140 Stepping 2, GenuineIntel
TMP=C:\Users\Admin\AppData\Local\Temp
TEMP=C:\Users\Admin\AppData\Local\Temp




Periodic native trim disabled

---------------  S Y S T E M  ---------------

OS:
 Windows 10 , 64 bit Build 19041 (10.0.19041.5915)
OS uptime: 6 days 18:41 hours
Hyper-V role detected

CPU: total 8 (initial active 8) (4 cores per cpu, 2 threads per core) family 6 model 140 stepping 2 microcode 0x34, cx8, cmov, fxsr, ht, mmx, 3dnowpref, sse, sse2, sse3, ssse3, sse4.1, sse4.2, popcnt, lzcnt, tsc, tscinvbit, avx, avx2, aes, erms, clmul, bmi1, bmi2, adx, avx512f, avx512dq, avx512cd, avx512bw, avx512vl, sha, fma, vzeroupper, avx512_vpopcntdq, avx512_vpclmulqdq, avx512_vaes, avx512_vnni, clflush, clflushopt, clwb, avx512_vbmi2, avx512_vbmi, hv, rdtscp, rdpid, fsrm, gfni, avx512_bitalg, f16c, cet_ibt, cet_ss, avx512_ifma
Processor Information for the first 8 processors :
  Max Mhz: 2496, Current Mhz: 2496, Mhz Limit: 2496

Memory: 4k page, system-wide physical 7930M (244M free)
TotalPageFile size 30430M (AvailPageFile size 95M)
current process WorkingSet (physical memory assigned to process): 47M, peak: 1001M
current process commit charge ("private bytes"): 1591M, peak: 1593M

vm_info: OpenJDK 64-Bit Server VM (21.0.8+9-LTS) for windows-amd64 JRE (21.0.8+9-LTS), built on 2025-07-15T00:00:00Z by "admin" with MS VC++ 17.7 (VS2022)

END.
